<?xml version="1.0" encoding="UTF-8"?>
<!-- Generated by org.testng.reporters.JUnitReportReporter -->
<testsuite hostname="DESKTOP-33SIMU9" failures="0" tests="1" name="RunnerFile.demoblazeRunner" time="12.299" errors="0" timestamp="2021-01-31T17:29:29 CST" skipped="0">
  <testcase classname="RunnerFile.demoblazeRunner" name="feature" time="12.299"/>
  <system-out/>
</testsuite> <!-- RunnerFile.demoblazeRunner -->
